[debug] [2020-08-20T19:57:11.451Z] ----------------------------------------------------------------------
[debug] [2020-08-20T19:57:11.453Z] Command:       C:\Program Files\nodejs\node.exe C:\frontend\angular\node_modules\firebase-tools\lib\bin\firebase.js init
[debug] [2020-08-20T19:57:11.453Z] CLI Version:   8.8.1
[debug] [2020-08-20T19:57:11.453Z] Platform:      win32
[debug] [2020-08-20T19:57:11.453Z] Node Version:  v12.16.1
[debug] [2020-08-20T19:57:11.455Z] Time:          Thu Aug 20 2020 20:57:11 GMT+0100 (West Africa Standard Time)
[debug] [2020-08-20T19:57:11.455Z] ----------------------------------------------------------------------
[debug] [2020-08-20T19:57:11.456Z] 
[debug] [2020-08-20T19:57:11.462Z] > command requires scopes: ["email","openid","https://www.googleapis.com/auth/cloudplatformprojects.readonly","https://www.googleapis.com/auth/firebase","https://www.googleapis.com/auth/cloud-platform"]
[debug] [2020-08-20T19:57:11.462Z] > authorizing via signed-in user
[info] 
     ######## #### ########  ######## ########     ###     ######  ########
     ##        ##  ##     ## ##       ##     ##  ##   ##  ##       ##
     ######    ##  ########  ######   ########  #########  ######  ######
     ##        ##  ##    ##  ##       ##     ## ##     ##       ## ##
     ##       #### ##     ## ######## ########  ##     ##  ######  ########

You're about to initialize a Firebase project in this directory:

  C:\frontend\angular

Before we get started, keep in mind:

  * You are currently outside your home directory

[info] 
=== Project Setup
[info] 
[info] First, let's associate this project directory with a Firebase project.
[info] You can create multiple project aliases by running firebase use --add, 
[info] but for now we'll just set up a default project.
[info] 
